2023-08-03 21:57:57,366 - [INFO] - ====== WebDriver manager ======
2023-08-03 21:58:05,059 - [INFO] - Get LATEST chromedriver version for google-chrome
2023-08-03 21:58:05,069 - [INFO] - Get LATEST chromedriver version for google-chrome
2023-08-03 21:58:05,074 - [INFO] - There is no [win64] chromedriver "115.0.5790.110" for browser google-chrome "115.0.5790.110" in cache
2023-08-03 21:58:05,076 - [INFO] - Get LATEST chromedriver version for google-chrome
2023-08-03 21:58:19,372 - [INFO] - WebDriver version 115.0.5790.170 selected
2023-08-03 21:58:19,375 - [INFO] - Modern chrome version https://edgedl.me.gvt1.com/edgedl/chrome/chrome-for-testing/115.0.5790.170/win32/chromedriver-win32.zip
2023-08-03 21:58:19,377 - [INFO] - About to download new driver from https://edgedl.me.gvt1.com/edgedl/chrome/chrome-for-testing/115.0.5790.170/win32/chromedriver-win32.zip
2023-08-03 21:58:20,084 - [INFO] - Driver downloading response is 200
2023-08-03 21:58:45,923 - [INFO] - Get LATEST chromedriver version for google-chrome
2023-08-03 21:58:46,414 - [INFO] - Driver has been saved in cache [C:\Users\15256\.wdm\drivers\chromedriver\win64\115.0.5790.110]
2023-08-03 22:00:12,277 - [INFO] - ====== WebDriver manager ======
2023-08-03 22:00:16,502 - [INFO] - Get LATEST chromedriver version for google-chrome
2023-08-03 22:00:16,511 - [INFO] - Get LATEST chromedriver version for google-chrome
2023-08-03 22:00:16,517 - [INFO] - There is no [win64] chromedriver "115.0.5790.110" for browser google-chrome "115.0.5790.110" in cache
2023-08-03 22:00:16,521 - [INFO] - Get LATEST chromedriver version for google-chrome
2023-08-03 22:00:21,739 - [INFO] - WebDriver version 115.0.5790.170 selected
2023-08-03 22:00:21,742 - [INFO] - Modern chrome version https://edgedl.me.gvt1.com/edgedl/chrome/chrome-for-testing/115.0.5790.170/win32/chromedriver-win32.zip
2023-08-03 22:00:21,745 - [INFO] - About to download new driver from https://edgedl.me.gvt1.com/edgedl/chrome/chrome-for-testing/115.0.5790.170/win32/chromedriver-win32.zip
2023-08-03 22:00:24,946 - [INFO] - Driver downloading response is 200
2023-08-03 22:01:20,190 - [INFO] - Get LATEST chromedriver version for google-chrome
2023-08-03 22:01:20,628 - [INFO] - Driver has been saved in cache [C:\Users\15256\.wdm\drivers\chromedriver\win64\115.0.5790.110]
2023-08-03 22:18:37,882 - [INFO] - 你好
